<?xml version="1.0" encoding="UTF-8"?>
<testsuite xmlns:xsi="http://www.w3.org/2001/XMLSchema-instance" xsi:noNamespaceSchemaLocation="https://maven.apache.org/surefire/maven-surefire-plugin/xsd/surefire-test-report.xsd" name="com.example.demo.DemoApplicationTests" time="18.022" tests="3" errors="0" skipped="0" failures="0">
  <properties>
[...]
</properties>
  <testcase name="testRedirectionToLoginWithoutAuthorization" classname="com.example.demo.DemoApplicationTests" time="0.282"/>
  <testcase name="testAuthorization" classname="com.example.demo.DemoApplicationTests" time="2.828"/>
  <testcase name="testGettingHomePage" classname="com.example.demo.DemoApplicationTests" time="0.797"/>
</testsuite>